<?xml version="1.0" encoding="UTF-8"?>
<testng-results skipped="0" failed="0" ignored="0" total="1" passed="1">
  <reporter-output>
  </reporter-output>
  <suite name="Default suite" duration-ms="5989" started-at="2020-08-22T17:50:51 IST" finished-at="2020-08-22T17:50:57 IST">
    <groups>
    </groups>
    <test name="Default test" duration-ms="5989" started-at="2020-08-22T17:50:51 IST" finished-at="2020-08-22T17:50:57 IST">
      <class name="Demo.StaticJsonPayloadExample">
        <test-method status="PASS" signature="addBook()[pri:0, instance:Demo.StaticJsonPayloadExample@6a1aab78]" name="addBook" duration-ms="5912" started-at="2020-08-22T17:50:51 IST" finished-at="2020-08-22T17:50:57 IST">
          <reporter-output>
          </reporter-output>
        </test-method> <!-- addBook -->
      </class> <!-- Demo.StaticJsonPayloadExample -->
    </test> <!-- Default test -->
  </suite> <!-- Default suite -->
</testng-results>
